1742705520.046710 client started (74480): version 3.5a, socket /private/tmp/tmux-501/default, protocol 8
1742705520.046777 on Darwin 24.2.0 Darwin Kernel Version 24.2.0: Fri Dec  6 19:02:41 PST 2024; root:xnu-11215.61.5~2/RELEASE_ARM64_T6030
1742705520.046791 using libevent 2.1.12-stable select
1742705520.046802 using utf8proc 2.10.0
1742705520.046807 using ncurses 6.5 20240427
1742705520.046820 flags are 0x10000
1742705520.046825 socket is /private/tmp/tmux-501/default
1742705520.046836 trying connect
1742705520.046882 add peer 0x150048000: 7 (0x0)
1742705520.048641 sending message 111 to peer 0x150048000 (8 bytes)
1742705520.048653 sending message 111 to peer 0x150048000 (8 bytes)
1742705520.048658 sending message 101 to peer 0x150048000 (14 bytes)
1742705520.048662 sending message 109 to peer 0x150048000 (4 bytes)
1742705520.048666 sending message 102 to peer 0x150048000 (13 bytes)
1742705520.048671 sending message 108 to peer 0x150048000 (54 bytes)
1742705520.048676 sending message 112 to peer 0x150048000 (70 bytes)
1742705520.048682 sending message 112 to peer 0x150048000 (5 bytes)
1742705520.048687 sending message 112 to peer 0x150048000 (5 bytes)
1742705520.048693 sending message 112 to peer 0x150048000 (6 bytes)
1742705520.048698 sending message 112 to peer 0x150048000 (6 bytes)
1742705520.048703 sending message 112 to peer 0x150048000 (11 bytes)
1742705520.048709 sending message 112 to peer 0x150048000 (10 bytes)
1742705520.048714 sending message 112 to peer 0x150048000 (13 bytes)
1742705520.048719 sending message 112 to peer 0x150048000 (13 bytes)
1742705520.048725 sending message 112 to peer 0x150048000 (18 bytes)
1742705520.048730 sending message 112 to peer 0x150048000 (11 bytes)
1742705520.048735 sending message 112 to peer 0x150048000 (10 bytes)
1742705520.048740 sending message 112 to peer 0x150048000 (15 bytes)
1742705520.048746 sending message 112 to peer 0x150048000 (21 bytes)
1742705520.048751 sending message 112 to peer 0x150048000 (13 bytes)
1742705520.048756 sending message 112 to peer 0x150048000 (7 bytes)
1742705520.048761 sending message 112 to peer 0x150048000 (13 bytes)
1742705520.048767 sending message 112 to peer 0x150048000 (7 bytes)
1742705520.048772 sending message 112 to peer 0x150048000 (13 bytes)
1742705520.048777 sending message 112 to peer 0x150048000 (9 bytes)
1742705520.048782 sending message 112 to peer 0x150048000 (21 bytes)
1742705520.048788 sending message 112 to peer 0x150048000 (13 bytes)
1742705520.048793 sending message 112 to peer 0x150048000 (8 bytes)
1742705520.048798 sending message 112 to peer 0x150048000 (12 bytes)
1742705520.048803 sending message 112 to peer 0x150048000 (13 bytes)
1742705520.048809 sending message 112 to peer 0x150048000 (9 bytes)
1742705520.048814 sending message 112 to peer 0x150048000 (9 bytes)
1742705520.048819 sending message 112 to peer 0x150048000 (12 bytes)
1742705520.048824 sending message 112 to peer 0x150048000 (8 bytes)
1742705520.048830 sending message 112 to peer 0x150048000 (7 bytes)
1742705520.048835 sending message 112 to peer 0x150048000 (7 bytes)
1742705520.048840 sending message 112 to peer 0x150048000 (9 bytes)
1742705520.048845 sending message 112 to peer 0x150048000 (13 bytes)
1742705520.048851 sending message 112 to peer 0x150048000 (6 bytes)
1742705520.048856 sending message 112 to peer 0x150048000 (9 bytes)
1742705520.048861 sending message 112 to peer 0x150048000 (13 bytes)
1742705520.048867 sending message 112 to peer 0x150048000 (12 bytes)
1742705520.048872 sending message 112 to peer 0x150048000 (8 bytes)
1742705520.048877 sending message 112 to peer 0x150048000 (9 bytes)
1742705520.048882 sending message 112 to peer 0x150048000 (10 bytes)
1742705520.048887 sending message 112 to peer 0x150048000 (10 bytes)
1742705520.048893 sending message 112 to peer 0x150048000 (10 bytes)
1742705520.048898 sending message 112 to peer 0x150048000 (10 bytes)
1742705520.048903 sending message 112 to peer 0x150048000 (11 bytes)
1742705520.048908 sending message 112 to peer 0x150048000 (10 bytes)
1742705520.048913 sending message 112 to peer 0x150048000 (8 bytes)
1742705520.048929 sending message 112 to peer 0x150048000 (11 bytes)
1742705520.048933 sending message 112 to peer 0x150048000 (11 bytes)
1742705520.048937 sending message 112 to peer 0x150048000 (11 bytes)
1742705520.048941 sending message 112 to peer 0x150048000 (8 bytes)
1742705520.048945 sending message 112 to peer 0x150048000 (8 bytes)
1742705520.048949 sending message 112 to peer 0x150048000 (8 bytes)
1742705520.048953 sending message 112 to peer 0x150048000 (10 bytes)
1742705520.048957 sending message 112 to peer 0x150048000 (10 bytes)
1742705520.048960 sending message 112 to peer 0x150048000 (10 bytes)
1742705520.048964 sending message 112 to peer 0x150048000 (10 bytes)
1742705520.048968 sending message 112 to peer 0x150048000 (10 bytes)
1742705520.048972 sending message 112 to peer 0x150048000 (11 bytes)
1742705520.048976 sending message 112 to peer 0x150048000 (11 bytes)
1742705520.048980 sending message 112 to peer 0x150048000 (10 bytes)
1742705520.048983 sending message 112 to peer 0x150048000 (9 bytes)
1742705520.048987 sending message 112 to peer 0x150048000 (9 bytes)
1742705520.048991 sending message 112 to peer 0x150048000 (12 bytes)
1742705520.048995 sending message 112 to peer 0x150048000 (9 bytes)
1742705520.048999 sending message 112 to peer 0x150048000 (6 bytes)
1742705520.049003 sending message 112 to peer 0x150048000 (8 bytes)
1742705520.049006 sending message 112 to peer 0x150048000 (15 bytes)
1742705520.049010 sending message 112 to peer 0x150048000 (13 bytes)
1742705520.049014 sending message 112 to peer 0x150048000 (9 bytes)
1742705520.049018 sending message 112 to peer 0x150048000 (70 bytes)
1742705520.049022 sending message 112 to peer 0x150048000 (69 bytes)
1742705520.049026 sending message 112 to peer 0x150048000 (10 bytes)
1742705520.049030 sending message 112 to peer 0x150048000 (10 bytes)
1742705520.049033 sending message 112 to peer 0x150048000 (8 bytes)
1742705520.049037 sending message 112 to peer 0x150048000 (15 bytes)
1742705520.049041 sending message 112 to peer 0x150048000 (13 bytes)
1742705520.049045 sending message 112 to peer 0x150048000 (10 bytes)
1742705520.049049 sending message 112 to peer 0x150048000 (10 bytes)
1742705520.049052 sending message 112 to peer 0x150048000 (13 bytes)
1742705520.049056 sending message 112 to peer 0x150048000 (9 bytes)
1742705520.049060 sending message 112 to peer 0x150048000 (5 bytes)
1742705520.049064 sending message 112 to peer 0x150048000 (5 bytes)
1742705520.049069 sending message 104 to peer 0x150048000 (0 bytes)
1742705520.049074 sending message 110 to peer 0x150048000 (0 bytes)
1742705520.049078 sending message 107 to peer 0x150048000 (4 bytes)
1742705520.049082 sending message 105 to peer 0x150048000 (15 bytes)
1742705520.049086 sending message 105 to peer 0x150048000 (20 bytes)
1742705520.049089 sending message 105 to peer 0x150048000 (22 bytes)
1742705520.049093 sending message 105 to peer 0x150048000 (12 bytes)
1742705520.049097 sending message 105 to peer 0x150048000 (49 bytes)
1742705520.049101 sending message 105 to peer 0x150048000 (96 bytes)
1742705520.049105 sending message 105 to peer 0x150048000 (24 bytes)
1742705520.049109 sending message 105 to peer 0x150048000 (37 bytes)
1742705520.049113 sending message 105 to peer 0x150048000 (30 bytes)
1742705520.049117 sending message 105 to peer 0x150048000 (34 bytes)
1742705520.049120 sending message 105 to peer 0x150048000 (60 bytes)
1742705520.049124 sending message 105 to peer 0x150048000 (55 bytes)
1742705520.049128 sending message 105 to peer 0x150048000 (22 bytes)
1742705520.049132 sending message 105 to peer 0x150048000 (61 bytes)
1742705520.049136 sending message 105 to peer 0x150048000 (17 bytes)
1742705520.049140 sending message 105 to peer 0x150048000 (19 bytes)
1742705520.049144 sending message 105 to peer 0x150048000 (27 bytes)
1742705520.049148 sending message 105 to peer 0x150048000 (20 bytes)
1742705520.049152 sending message 105 to peer 0x150048000 (55 bytes)
1742705520.049155 sending message 105 to peer 0x150048000 (55 bytes)
1742705520.049159 sending message 105 to peer 0x150048000 (39 bytes)
1742705520.049170 sending message 105 to peer 0x150048000 (66 bytes)
1742705520.049174 sending message 105 to peer 0x150048000 (35 bytes)
1742705520.049178 sending message 105 to peer 0x150048000 (12 bytes)
1742705520.049183 sending message 105 to peer 0x150048000 (623 bytes)
1742705520.049187 sending message 105 to peer 0x150048000 (58 bytes)
1742705520.049191 sending message 105 to peer 0x150048000 (24 bytes)
1742705520.049195 sending message 105 to peer 0x150048000 (15 bytes)
1742705520.049199 sending message 105 to peer 0x150048000 (8 bytes)
1742705520.049202 sending message 105 to peer 0x150048000 (66 bytes)
1742705520.049206 sending message 105 to peer 0x150048000 (19 bytes)
1742705520.049210 sending message 105 to peer 0x150048000 (86 bytes)
1742705520.049214 sending message 105 to peer 0x150048000 (42 bytes)
1742705520.049218 sending message 105 to peer 0x150048000 (18 bytes)
1742705520.049222 sending message 105 to peer 0x150048000 (26 bytes)
1742705520.049226 sending message 105 to peer 0x150048000 (60 bytes)
1742705520.049229 sending message 105 to peer 0x150048000 (57 bytes)
1742705520.049233 sending message 105 to peer 0x150048000 (43 bytes)
1742705520.049237 sending message 105 to peer 0x150048000 (13 bytes)
1742705520.049241 sending message 105 to peer 0x150048000 (59 bytes)
1742705520.049244 sending message 105 to peer 0x150048000 (17 bytes)
1742705520.049247 sending message 105 to peer 0x150048000 (12 bytes)
1742705520.049250 sending message 105 to peer 0x150048000 (14 bytes)
1742705520.049253 sending message 105 to peer 0x150048000 (19 bytes)
1742705520.049256 sending message 105 to peer 0x150048000 (26 bytes)
1742705520.049258 sending message 105 to peer 0x150048000 (22 bytes)
1742705520.049261 sending message 105 to peer 0x150048000 (43 bytes)
1742705520.049264 sending message 105 to peer 0x150048000 (32 bytes)
1742705520.049267 sending message 105 to peer 0x150048000 (41 bytes)
1742705520.049270 sending message 105 to peer 0x150048000 (33 bytes)
1742705520.049272 sending message 105 to peer 0x150048000 (30 bytes)
1742705520.049275 sending message 105 to peer 0x150048000 (29 bytes)
1742705520.049278 sending message 105 to peer 0x150048000 (10 bytes)
1742705520.049281 sending message 105 to peer 0x150048000 (20 bytes)
1742705520.049284 sending message 105 to peer 0x150048000 (14 bytes)
1742705520.049286 sending message 105 to peer 0x150048000 (15 bytes)
1742705520.049289 sending message 105 to peer 0x150048000 (27 bytes)
1742705520.049292 sending message 105 to peer 0x150048000 (18 bytes)
1742705520.049295 sending message 105 to peer 0x150048000 (14 bytes)
1742705520.049298 sending message 105 to peer 0x150048000 (18 bytes)
1742705520.049300 sending message 105 to peer 0x150048000 (20 bytes)
1742705520.049303 sending message 105 to peer 0x150048000 (23 bytes)
1742705520.049306 sending message 105 to peer 0x150048000 (11 bytes)
1742705520.049309 sending message 105 to peer 0x150048000 (16 bytes)
1742705520.049312 sending message 105 to peer 0x150048000 (15 bytes)
1742705520.049314 sending message 105 to peer 0x150048000 (15 bytes)
1742705520.049317 sending message 105 to peer 0x150048000 (15 bytes)
1742705520.049320 sending message 105 to peer 0x150048000 (23 bytes)
1742705520.049323 sending message 105 to peer 0x150048000 (15 bytes)
1742705520.049326 sending message 105 to peer 0x150048000 (17 bytes)
1742705520.049328 sending message 105 to peer 0x150048000 (9 bytes)
1742705520.049331 sending message 105 to peer 0x150048000 (17 bytes)
1742705520.049334 sending message 105 to peer 0x150048000 (14 bytes)
1742705520.049337 sending message 105 to peer 0x150048000 (18 bytes)
1742705520.049339 sending message 105 to peer 0x150048000 (15 bytes)
1742705520.049342 sending message 105 to peer 0x150048000 (16 bytes)
1742705520.049345 sending message 105 to peer 0x150048000 (17 bytes)
1742705520.049348 sending message 105 to peer 0x150048000 (17 bytes)
1742705520.049351 sending message 105 to peer 0x150048000 (15 bytes)
1742705520.049353 sending message 105 to peer 0x150048000 (27 bytes)
1742705520.049360 sending message 105 to peer 0x150048000 (25 bytes)
1742705520.049363 sending message 106 to peer 0x150048000 (0 bytes)
1742705520.049404 cmd_pack_argv: argv[0]=new-window
1742705520.049409 sending message 200 to peer 0x150048000 (15 bytes)
1742705520.049413 client loop enter
1742705520.057110 peer 0x150048000 message 203
1742705520.057128 client loop exit
